[INFO ] 2020-03-31 14:56:41.934 [main] TestBase - Browser started successfully
[INFO ] 2020-03-31 14:56:55.304 [main] TestBase - User is navigated to AE portal
[INFO ] 2020-03-31 14:56:55.767 [main] TestBase - AE title validated
[DEBUG] 2020-03-31 14:56:57.353 [main] TestBase - Execution started
[INFO ] 2020-03-31 14:57:09.048 [main] TestBase - Browser started successfully
[INFO ] 2020-03-31 14:57:19.783 [main] TestBase - User is navigated to AE portal
[INFO ] 2020-03-31 14:57:21.064 [main] TestBase - User Login in AE successfully
[DEBUG] 2020-04-01 11:38:01.323 [main] TestBase - Execution started
[INFO ] 2020-04-01 11:38:20.969 [main] TestBase - Browser started successfully
[INFO ] 2020-04-01 11:38:45.518 [main] TestBase - User is navigated to AE portal
[INFO ] 2020-04-01 11:38:45.927 [main] TestBase - AE title validated
[DEBUG] 2020-04-01 11:38:47.481 [main] TestBase - Execution started
[INFO ] 2020-04-01 11:38:56.700 [main] TestBase - Browser started successfully
[INFO ] 2020-04-01 11:39:06.166 [main] TestBase - User is navigated to AE portal
[INFO ] 2020-04-01 11:39:13.612 [main] TestBase - User Login in AE successfully
[DEBUG] 2020-04-01 12:21:59.810 [main] TestBase - Execution started
[INFO ] 2020-04-01 12:22:37.224 [main] TestBase - Browser started successfully
[INFO ] 2020-04-01 12:23:19.778 [main] TestBase - User is navigated to AE portal
[DEBUG] 2020-04-01 12:31:03.240 [main] TestBase - Execution started
[INFO ] 2020-04-01 12:31:19.977 [main] TestBase - Browser started successfully
[INFO ] 2020-04-01 12:31:33.932 [main] TestBase - User is navigated to AE portal
[DEBUG] 2020-04-01 12:35:53.536 [main] TestBase - Execution started
[INFO ] 2020-04-01 12:36:07.953 [main] TestBase - Browser started successfully
[INFO ] 2020-04-01 12:36:19.646 [main] TestBase - User is navigated to AE portal
[DEBUG] 2020-04-01 12:44:50.346 [main] TestBase - Execution started
[INFO ] 2020-04-01 12:45:01.290 [main] TestBase - Browser started successfully
[INFO ] 2020-04-01 12:45:15.818 [main] TestBase - User is navigated to AE portal
[DEBUG] 2020-04-01 12:50:56.489 [main] TestBase - Execution started
[INFO ] 2020-04-01 12:51:09.081 [main] TestBase - Browser started successfully
[INFO ] 2020-04-01 12:51:20.344 [main] TestBase - User is navigated to AE portal
[DEBUG] 2020-04-01 12:53:44.671 [main] TestBase - Execution started
[INFO ] 2020-04-01 12:54:01.613 [main] TestBase - Browser started successfully
[INFO ] 2020-04-01 12:54:13.712 [main] TestBase - User is navigated to AE portal
